<?xml version="1.0" encoding="UTF-8"?>
<testsuite xmlns:xsi="http://www.w3.org/2001/XMLSchema-instance" xsi:noNamespaceSchemaLocation="https://maven.apache.org/surefire/maven-surefire-plugin/xsd/surefire-test-report.xsd" name="com.newyeti.apiscraper.AppTest" time="0.077" tests="1" errors="0" skipped="0" failures="0">
  <properties>
    <property name="java.specification.version" value="17"/>
    <property name="sun.jnu.encoding" value="UTF-8"/>
    <property name="java.class.path" value="/workspace/api-scraper/domain/target/test-classes:/workspace/api-scraper/domain/target/classes:/workspace/maven/repo/io/confluent/kafka-avro-serializer/5.3.0/kafka-avro-serializer-5.3.0.jar:/workspace/maven/repo/org/apache/avro/avro/1.11.1/avro-1.11.1.jar:/workspace/maven/repo/com/fasterxml/jackson/core/jackson-core/2.14.1/jackson-core-2.14.1.jar:/workspace/maven/repo/com/fasterxml/jackson/core/jackson-databind/2.14.1/jackson-databind-2.14.1.jar:/workspace/maven/repo/com/fasterxml/jackson/core/jackson-annotations/2.14.1/jackson-annotations-2.14.1.jar:/workspace/maven/repo/org/apache/commons/commons-compress/1.21/commons-compress-1.21.jar:/workspace/maven/repo/org/slf4j/slf4j-api/2.0.6/slf4j-api-2.0.6.jar:/workspace/maven/repo/io/confluent/kafka-schema-registry-client/5.3.0/kafka-schema-registry-client-5.3.0.jar:/workspace/maven/repo/org/apache/kafka/kafka-clients/3.3.2/kafka-clients-3.3.2.jar:/workspace/maven/repo/com/github/luben/zstd-jni/1.5.2-1/zstd-jni-1.5.2-1.jar:/workspace/maven/repo/org/lz4/lz4-java/1.8.0/lz4-java-1.8.0.jar:/workspace/maven/repo/org/xerial/snappy/snappy-java/1.1.8.4/snappy-java-1.1.8.4.jar:/workspace/maven/repo/io/confluent/common-config/5.3.0/common-config-5.3.0.jar:/workspace/maven/repo/io/confluent/common-utils/5.3.0/common-utils-5.3.0.jar:/workspace/maven/repo/org/apache/zookeeper/zookeeper/3.4.14/zookeeper-3.4.14.jar:/workspace/maven/repo/com/github/spotbugs/spotbugs-annotations/3.1.9/spotbugs-annotations-3.1.9.jar:/workspace/maven/repo/com/google/code/findbugs/jsr305/3.0.2/jsr305-3.0.2.jar:/workspace/maven/repo/jline/jline/0.9.94/jline-0.9.94.jar:/workspace/maven/repo/org/apache/yetus/audience-annotations/0.5.0/audience-annotations-0.5.0.jar:/workspace/maven/repo/io/netty/netty/3.10.6.Final/netty-3.10.6.Final.jar:/workspace/maven/repo/com/101tec/zkclient/0.10/zkclient-0.10.jar:/workspace/maven/repo/org/projectlombok/lombok/1.18.24/lombok-1.18.24.jar:/workspace/maven/repo/junit/junit/4.11/junit-4.11.jar:/workspace/maven/repo/org/hamcrest/hamcrest-core/2.2/hamcrest-core-2.2.jar:/workspace/maven/repo/org/hamcrest/hamcrest/2.2/hamcrest-2.2.jar:"/>
    <property name="java.vm.vendor" value="Microsoft"/>
    <property name="sun.arch.data.model" value="64"/>
    <property name="java.vendor.url" value="https://www.microsoft.com"/>
    <property name="os.name" value="Linux"/>
    <property name="java.vm.specification.version" value="17"/>
    <property name="sun.java.launcher" value="SUN_STANDARD"/>
    <property name="user.country" value="US"/>
    <property name="sun.boot.library.path" value="/home/gitpod/.sdkman/candidates/java/17.0.3-ms/lib"/>
    <property name="sun.java.command" value="/workspace/api-scraper/domain/target/surefire/surefirebooter2730534541276303037.jar /workspace/api-scraper/domain/target/surefire 2023-05-09T15-25-54_682-jvmRun1 surefire9674026304703051729tmp surefire_03845593632570824996tmp"/>
    <property name="jdk.debug" value="release"/>
    <property name="surefire.test.class.path" value="/workspace/api-scraper/domain/target/test-classes:/workspace/api-scraper/domain/target/classes:/workspace/maven/repo/io/confluent/kafka-avro-serializer/5.3.0/kafka-avro-serializer-5.3.0.jar:/workspace/maven/repo/org/apache/avro/avro/1.11.1/avro-1.11.1.jar:/workspace/maven/repo/com/fasterxml/jackson/core/jackson-core/2.14.1/jackson-core-2.14.1.jar:/workspace/maven/repo/com/fasterxml/jackson/core/jackson-databind/2.14.1/jackson-databind-2.14.1.jar:/workspace/maven/repo/com/fasterxml/jackson/core/jackson-annotations/2.14.1/jackson-annotations-2.14.1.jar:/workspace/maven/repo/org/apache/commons/commons-compress/1.21/commons-compress-1.21.jar:/workspace/maven/repo/org/slf4j/slf4j-api/2.0.6/slf4j-api-2.0.6.jar:/workspace/maven/repo/io/confluent/kafka-schema-registry-client/5.3.0/kafka-schema-registry-client-5.3.0.jar:/workspace/maven/repo/org/apache/kafka/kafka-clients/3.3.2/kafka-clients-3.3.2.jar:/workspace/maven/repo/com/github/luben/zstd-jni/1.5.2-1/zstd-jni-1.5.2-1.jar:/workspace/maven/repo/org/lz4/lz4-java/1.8.0/lz4-java-1.8.0.jar:/workspace/maven/repo/org/xerial/snappy/snappy-java/1.1.8.4/snappy-java-1.1.8.4.jar:/workspace/maven/repo/io/confluent/common-config/5.3.0/common-config-5.3.0.jar:/workspace/maven/repo/io/confluent/common-utils/5.3.0/common-utils-5.3.0.jar:/workspace/maven/repo/org/apache/zookeeper/zookeeper/3.4.14/zookeeper-3.4.14.jar:/workspace/maven/repo/com/github/spotbugs/spotbugs-annotations/3.1.9/spotbugs-annotations-3.1.9.jar:/workspace/maven/repo/com/google/code/findbugs/jsr305/3.0.2/jsr305-3.0.2.jar:/workspace/maven/repo/jline/jline/0.9.94/jline-0.9.94.jar:/workspace/maven/repo/org/apache/yetus/audience-annotations/0.5.0/audience-annotations-0.5.0.jar:/workspace/maven/repo/io/netty/netty/3.10.6.Final/netty-3.10.6.Final.jar:/workspace/maven/repo/com/101tec/zkclient/0.10/zkclient-0.10.jar:/workspace/maven/repo/org/projectlombok/lombok/1.18.24/lombok-1.18.24.jar:/workspace/maven/repo/junit/junit/4.11/junit-4.11.jar:/workspace/maven/repo/org/hamcrest/hamcrest-core/2.2/hamcrest-core-2.2.jar:/workspace/maven/repo/org/hamcrest/hamcrest/2.2/hamcrest-2.2.jar:"/>
    <property name="sun.cpu.endian" value="little"/>
    <property name="user.home" value="/home/gitpod"/>
    <property name="user.language" value="en"/>
    <property name="java.specification.vendor" value="Oracle Corporation"/>
    <property name="java.version.date" value="2022-04-19"/>
    <property name="java.home" value="/home/gitpod/.sdkman/candidates/java/17.0.3-ms"/>
    <property name="file.separator" value="/"/>
    <property name="basedir" value="/workspace/api-scraper/domain"/>
    <property name="java.vm.compressedOopsMode" value="Zero based"/>
    <property name="line.separator" value="&#10;"/>
    <property name="java.vm.specification.vendor" value="Oracle Corporation"/>
    <property name="java.specification.name" value="Java Platform API Specification"/>
    <property name="surefire.real.class.path" value="/workspace/api-scraper/domain/target/surefire/surefirebooter2730534541276303037.jar"/>
    <property name="sun.management.compiler" value="HotSpot 64-Bit Tiered Compilers"/>
    <property name="java.runtime.version" value="17.0.3+7-LTS"/>
    <property name="user.name" value="gitpod"/>
    <property name="path.separator" value=":"/>
    <property name="os.version" value="5.15.0-47-generic"/>
    <property name="java.runtime.name" value="OpenJDK Runtime Environment"/>
    <property name="file.encoding" value="UTF-8"/>
    <property name="java.vm.name" value="OpenJDK 64-Bit Server VM"/>
    <property name="java.vendor.version" value="Microsoft-32931"/>
    <property name="localRepository" value="/workspace/maven/repo"/>
    <property name="java.vendor.url.bug" value="https://github.com/microsoft/openjdk/issues"/>
    <property name="java.io.tmpdir" value="/tmp"/>
    <property name="java.version" value="17.0.3"/>
    <property name="user.dir" value="/workspace/api-scraper/domain"/>
    <property name="os.arch" value="amd64"/>
    <property name="java.vm.specification.name" value="Java Virtual Machine Specification"/>
    <property name="native.encoding" value="UTF-8"/>
    <property name="java.library.path" value="/usr/java/packages/lib:/usr/lib64:/lib64:/lib:/usr/lib"/>
    <property name="java.vm.info" value="mixed mode, sharing"/>
    <property name="java.vendor" value="Microsoft"/>
    <property name="java.vm.version" value="17.0.3+7-LTS"/>
    <property name="sun.io.unicode.encoding" value="UnicodeLittle"/>
    <property name="java.class.version" value="61.0"/>
  </properties>
  <testcase name="shouldAnswerWithTrue" classname="com.newyeti.apiscraper.AppTest" time="0.002"/>
</testsuite>